{"C:\\Users\\LENOVO\\Documents\\GitHub\\currency-converter\\src\\configData.ts": {"path":"C:\\Users\\LENOVO\\Documents\\GitHub\\currency-converter\\src\\configData.ts","all":false,"statementMap":{"0":{"start":{"line":1,"column":0},"end":{"line":1,"column":62}}},"s":{"0":1},"branchMap":{},"b":{},"fnMap":{},"f":{}}
,"C:\\Users\\LENOVO\\Documents\\GitHub\\currency-converter\\src\\currencyConverter.ts": {"path":"C:\\Users\\LENOVO\\Documents\\GitHub\\currency-converter\\src\\currencyConverter.ts","all":false,"statementMap":{"0":{"start":{"line":1,"column":0},"end":{"line":1,"column":60}},"1":{"start":{"line":2,"column":0},"end":{"line":2,"column":58}},"2":{"start":{"line":3,"column":0},"end":{"line":3,"column":52}},"3":{"start":{"line":4,"column":0},"end":{"line":4,"column":54}},"4":{"start":{"line":5,"column":0},"end":{"line":5,"column":46}},"5":{"start":{"line":6,"column":0},"end":{"line":6,"column":0}},"6":{"start":{"line":7,"column":0},"end":{"line":7,"column":32}},"7":{"start":{"line":8,"column":0},"end":{"line":8,"column":36}},"8":{"start":{"line":9,"column":0},"end":{"line":9,"column":66}},"9":{"start":{"line":10,"column":0},"end":{"line":10,"column":0}},"10":{"start":{"line":11,"column":0},"end":{"line":11,"column":16}},"11":{"start":{"line":12,"column":0},"end":{"line":12,"column":17}},"12":{"start":{"line":13,"column":0},"end":{"line":13,"column":23}},"13":{"start":{"line":14,"column":0},"end":{"line":14,"column":21}},"14":{"start":{"line":15,"column":0},"end":{"line":15,"column":19}},"15":{"start":{"line":16,"column":0},"end":{"line":16,"column":12}},"16":{"start":{"line":17,"column":0},"end":{"line":17,"column":29}},"17":{"start":{"line":18,"column":0},"end":{"line":18,"column":54}},"18":{"start":{"line":19,"column":0},"end":{"line":19,"column":50}},"19":{"start":{"line":20,"column":0},"end":{"line":20,"column":53}},"20":{"start":{"line":21,"column":0},"end":{"line":21,"column":40}},"21":{"start":{"line":22,"column":0},"end":{"line":22,"column":0}},"22":{"start":{"line":23,"column":0},"end":{"line":23,"column":82}},"23":{"start":{"line":24,"column":0},"end":{"line":24,"column":41}},"24":{"start":{"line":25,"column":0},"end":{"line":25,"column":0}},"25":{"start":{"line":26,"column":0},"end":{"line":26,"column":40}},"26":{"start":{"line":27,"column":0},"end":{"line":27,"column":48}},"27":{"start":{"line":28,"column":0},"end":{"line":28,"column":44}},"28":{"start":{"line":29,"column":0},"end":{"line":29,"column":10}},"29":{"start":{"line":30,"column":0},"end":{"line":30,"column":63}},"30":{"start":{"line":31,"column":0},"end":{"line":31,"column":3}},"31":{"start":{"line":32,"column":0},"end":{"line":32,"column":2}},"32":{"start":{"line":33,"column":0},"end":{"line":33,"column":0}},"33":{"start":{"line":34,"column":0},"end":{"line":34,"column":33}},"34":{"start":{"line":35,"column":0},"end":{"line":35,"column":23}},"35":{"start":{"line":36,"column":0},"end":{"line":36,"column":21}},"36":{"start":{"line":37,"column":0},"end":{"line":37,"column":18}},"37":{"start":{"line":38,"column":0},"end":{"line":38,"column":15}},"38":{"start":{"line":39,"column":0},"end":{"line":39,"column":12}},"39":{"start":{"line":40,"column":0},"end":{"line":40,"column":34}},"40":{"start":{"line":41,"column":0},"end":{"line":41,"column":41}},"41":{"start":{"line":42,"column":0},"end":{"line":42,"column":0}},"42":{"start":{"line":43,"column":0},"end":{"line":43,"column":54}},"43":{"start":{"line":44,"column":0},"end":{"line":44,"column":50}},"44":{"start":{"line":45,"column":0},"end":{"line":45,"column":53}},"45":{"start":{"line":46,"column":0},"end":{"line":46,"column":44}},"46":{"start":{"line":47,"column":0},"end":{"line":47,"column":40}},"47":{"start":{"line":48,"column":0},"end":{"line":48,"column":44}},"48":{"start":{"line":49,"column":0},"end":{"line":49,"column":0}},"49":{"start":{"line":50,"column":0},"end":{"line":50,"column":34}},"50":{"start":{"line":51,"column":0},"end":{"line":51,"column":83}},"51":{"start":{"line":52,"column":0},"end":{"line":52,"column":0}},"52":{"start":{"line":53,"column":0},"end":{"line":53,"column":42}},"53":{"start":{"line":54,"column":0},"end":{"line":54,"column":0}},"54":{"start":{"line":55,"column":0},"end":{"line":55,"column":41}},"55":{"start":{"line":56,"column":0},"end":{"line":56,"column":68}},"56":{"start":{"line":57,"column":0},"end":{"line":57,"column":4}},"57":{"start":{"line":58,"column":0},"end":{"line":58,"column":3}},"58":{"start":{"line":59,"column":0},"end":{"line":59,"column":0}},"59":{"start":{"line":60,"column":0},"end":{"line":60,"column":56}},"60":{"start":{"line":61,"column":0},"end":{"line":61,"column":2}},"61":{"start":{"line":62,"column":0},"end":{"line":62,"column":0}},"62":{"start":{"line":63,"column":0},"end":{"line":63,"column":87}},"63":{"start":{"line":64,"column":0},"end":{"line":64,"column":88}},"64":{"start":{"line":65,"column":0},"end":{"line":65,"column":2}},"65":{"start":{"line":66,"column":0},"end":{"line":66,"column":0}},"66":{"start":{"line":67,"column":0},"end":{"line":67,"column":94}},"67":{"start":{"line":68,"column":0},"end":{"line":68,"column":41}},"68":{"start":{"line":69,"column":0},"end":{"line":69,"column":58}},"69":{"start":{"line":70,"column":0},"end":{"line":70,"column":0}},"70":{"start":{"line":71,"column":0},"end":{"line":71,"column":35}},"71":{"start":{"line":72,"column":0},"end":{"line":72,"column":48}},"72":{"start":{"line":73,"column":0},"end":{"line":73,"column":2}},"73":{"start":{"line":74,"column":0},"end":{"line":74,"column":0}},"74":{"start":{"line":75,"column":0},"end":{"line":75,"column":50}},"75":{"start":{"line":76,"column":0},"end":{"line":76,"column":27}},"76":{"start":{"line":77,"column":0},"end":{"line":77,"column":62}},"77":{"start":{"line":78,"column":0},"end":{"line":78,"column":14}},"78":{"start":{"line":79,"column":0},"end":{"line":79,"column":3}},"79":{"start":{"line":80,"column":0},"end":{"line":80,"column":0}},"80":{"start":{"line":81,"column":0},"end":{"line":81,"column":22}},"81":{"start":{"line":82,"column":0},"end":{"line":82,"column":67}},"82":{"start":{"line":83,"column":0},"end":{"line":83,"column":14}},"83":{"start":{"line":84,"column":0},"end":{"line":84,"column":3}},"84":{"start":{"line":85,"column":0},"end":{"line":85,"column":0}},"85":{"start":{"line":86,"column":0},"end":{"line":86,"column":28}},"86":{"start":{"line":87,"column":0},"end":{"line":87,"column":71}},"87":{"start":{"line":88,"column":0},"end":{"line":88,"column":14}},"88":{"start":{"line":89,"column":0},"end":{"line":89,"column":3}},"89":{"start":{"line":90,"column":0},"end":{"line":90,"column":2}},"90":{"start":{"line":91,"column":0},"end":{"line":91,"column":0}},"91":{"start":{"line":92,"column":0},"end":{"line":92,"column":41}},"92":{"start":{"line":93,"column":0},"end":{"line":93,"column":22}},"93":{"start":{"line":94,"column":0},"end":{"line":94,"column":53}},"94":{"start":{"line":95,"column":0},"end":{"line":95,"column":3}},"95":{"start":{"line":96,"column":0},"end":{"line":96,"column":2}},"96":{"start":{"line":97,"column":0},"end":{"line":97,"column":0}},"97":{"start":{"line":98,"column":0},"end":{"line":98,"column":67}},"98":{"start":{"line":99,"column":0},"end":{"line":99,"column":58}},"99":{"start":{"line":100,"column":0},"end":{"line":100,"column":62}},"100":{"start":{"line":101,"column":0},"end":{"line":101,"column":3}},"101":{"start":{"line":102,"column":0},"end":{"line":102,"column":2}},"102":{"start":{"line":103,"column":0},"end":{"line":103,"column":0}},"103":{"start":{"line":104,"column":0},"end":{"line":104,"column":73}},"104":{"start":{"line":105,"column":0},"end":{"line":105,"column":64}},"105":{"start":{"line":106,"column":0},"end":{"line":106,"column":73}},"106":{"start":{"line":107,"column":0},"end":{"line":107,"column":3}},"107":{"start":{"line":108,"column":0},"end":{"line":108,"column":2}},"108":{"start":{"line":109,"column":0},"end":{"line":109,"column":0}},"109":{"start":{"line":110,"column":0},"end":{"line":110,"column":53}},"110":{"start":{"line":111,"column":0},"end":{"line":111,"column":57}},"111":{"start":{"line":112,"column":0},"end":{"line":112,"column":58}},"112":{"start":{"line":113,"column":0},"end":{"line":113,"column":3}},"113":{"start":{"line":114,"column":0},"end":{"line":114,"column":2}},"114":{"start":{"line":115,"column":0},"end":{"line":115,"column":0}},"115":{"start":{"line":116,"column":0},"end":{"line":116,"column":66}},"116":{"start":{"line":117,"column":0},"end":{"line":117,"column":28}},"117":{"start":{"line":118,"column":0},"end":{"line":118,"column":85}},"118":{"start":{"line":119,"column":0},"end":{"line":119,"column":3}},"119":{"start":{"line":120,"column":0},"end":{"line":120,"column":2}},"120":{"start":{"line":121,"column":0},"end":{"line":121,"column":1}}},"s":{"0":1,"1":1,"2":1,"3":1,"4":1,"5":1,"6":1,"7":1,"8":1,"9":1,"10":1,"11":11,"12":11,"13":11,"14":11,"15":11,"16":11,"17":11,"18":11,"19":11,"20":11,"21":11,"22":11,"23":11,"24":11,"25":11,"26":3,"27":3,"28":11,"29":0,"30":0,"31":11,"32":1,"33":1,"34":10,"35":10,"36":10,"37":10,"38":10,"39":10,"40":10,"41":10,"42":10,"43":10,"44":10,"45":10,"46":10,"47":10,"48":10,"49":10,"50":10,"51":10,"52":10,"53":10,"54":10,"55":7,"56":7,"57":10,"58":1,"59":1,"60":1,"61":1,"62":1,"63":16,"64":16,"65":1,"66":1,"67":7,"68":7,"69":7,"70":7,"71":7,"72":7,"73":1,"74":1,"75":10,"76":0,"77":0,"78":0,"79":10,"80":10,"81":0,"82":0,"83":0,"84":10,"85":10,"86":0,"87":0,"88":0,"89":10,"90":1,"91":1,"92":11,"93":1,"94":1,"95":11,"96":1,"97":1,"98":38,"99":4,"100":4,"101":38,"102":1,"103":1,"104":16,"105":2,"106":2,"107":16,"108":1,"109":1,"110":20,"111":3,"112":3,"113":20,"114":1,"115":1,"116":5,"117":1,"118":1,"119":5,"120":1},"branchMap":{"0":{"type":"branch","line":9,"loc":{"start":{"line":9,"column":1},"end":{"line":9,"column":66}},"locations":[{"start":{"line":9,"column":1},"end":{"line":9,"column":66}}]},"1":{"type":"branch","line":11,"loc":{"start":{"line":11,"column":8},"end":{"line":32,"column":2}},"locations":[{"start":{"line":11,"column":8},"end":{"line":32,"column":2}}]},"2":{"type":"branch","line":26,"loc":{"start":{"line":26,"column":39},"end":{"line":29,"column":3}},"locations":[{"start":{"line":26,"column":39},"end":{"line":29,"column":3}}]},"3":{"type":"branch","line":29,"loc":{"start":{"line":29,"column":3},"end":{"line":31,"column":3}},"locations":[{"start":{"line":29,"column":3},"end":{"line":31,"column":3}}]},"4":{"type":"branch","line":34,"loc":{"start":{"line":34,"column":8},"end":{"line":61,"column":2}},"locations":[{"start":{"line":34,"column":8},"end":{"line":61,"column":2}}]},"5":{"type":"branch","line":55,"loc":{"start":{"line":55,"column":40},"end":{"line":57,"column":4}},"locations":[{"start":{"line":55,"column":40},"end":{"line":57,"column":4}}]},"6":{"type":"branch","line":59,"loc":{"start":{"line":59,"column":-2},"end":{"line":61,"column":2}},"locations":[{"start":{"line":59,"column":-2},"end":{"line":61,"column":2}}]},"7":{"type":"branch","line":63,"loc":{"start":{"line":63,"column":9},"end":{"line":65,"column":2}},"locations":[{"start":{"line":63,"column":9},"end":{"line":65,"column":2}}]},"8":{"type":"branch","line":67,"loc":{"start":{"line":67,"column":9},"end":{"line":73,"column":2}},"locations":[{"start":{"line":67,"column":9},"end":{"line":73,"column":2}}]},"9":{"type":"branch","line":75,"loc":{"start":{"line":75,"column":9},"end":{"line":90,"column":2}},"locations":[{"start":{"line":75,"column":9},"end":{"line":90,"column":2}}]},"10":{"type":"branch","line":76,"loc":{"start":{"line":76,"column":26},"end":{"line":79,"column":3}},"locations":[{"start":{"line":76,"column":26},"end":{"line":79,"column":3}}]},"11":{"type":"branch","line":81,"loc":{"start":{"line":81,"column":21},"end":{"line":84,"column":3}},"locations":[{"start":{"line":81,"column":21},"end":{"line":84,"column":3}}]},"12":{"type":"branch","line":86,"loc":{"start":{"line":86,"column":27},"end":{"line":89,"column":3}},"locations":[{"start":{"line":86,"column":27},"end":{"line":89,"column":3}}]},"13":{"type":"branch","line":92,"loc":{"start":{"line":92,"column":9},"end":{"line":96,"column":2}},"locations":[{"start":{"line":92,"column":9},"end":{"line":96,"column":2}}]},"14":{"type":"branch","line":93,"loc":{"start":{"line":93,"column":21},"end":{"line":95,"column":3}},"locations":[{"start":{"line":93,"column":21},"end":{"line":95,"column":3}}]},"15":{"type":"branch","line":98,"loc":{"start":{"line":98,"column":9},"end":{"line":102,"column":2}},"locations":[{"start":{"line":98,"column":9},"end":{"line":102,"column":2}}]},"16":{"type":"branch","line":99,"loc":{"start":{"line":99,"column":57},"end":{"line":101,"column":3}},"locations":[{"start":{"line":99,"column":57},"end":{"line":101,"column":3}}]},"17":{"type":"branch","line":104,"loc":{"start":{"line":104,"column":9},"end":{"line":108,"column":2}},"locations":[{"start":{"line":104,"column":9},"end":{"line":108,"column":2}}]},"18":{"type":"branch","line":105,"loc":{"start":{"line":105,"column":63},"end":{"line":107,"column":3}},"locations":[{"start":{"line":105,"column":63},"end":{"line":107,"column":3}}]},"19":{"type":"branch","line":110,"loc":{"start":{"line":110,"column":9},"end":{"line":114,"column":2}},"locations":[{"start":{"line":110,"column":9},"end":{"line":114,"column":2}}]},"20":{"type":"branch","line":111,"loc":{"start":{"line":111,"column":56},"end":{"line":113,"column":3}},"locations":[{"start":{"line":111,"column":56},"end":{"line":113,"column":3}}]},"21":{"type":"branch","line":116,"loc":{"start":{"line":116,"column":9},"end":{"line":120,"column":2}},"locations":[{"start":{"line":116,"column":9},"end":{"line":120,"column":2}}]},"22":{"type":"branch","line":117,"loc":{"start":{"line":117,"column":27},"end":{"line":119,"column":3}},"locations":[{"start":{"line":117,"column":27},"end":{"line":119,"column":3}}]}},"b":{"0":[21],"1":[11],"2":[3],"3":[0],"4":[10],"5":[7],"6":[1],"7":[16],"8":[7],"9":[10],"10":[0],"11":[0],"12":[0],"13":[11],"14":[1],"15":[38],"16":[4],"17":[16],"18":[2],"19":[20],"20":[3],"21":[5],"22":[1]},"fnMap":{"0":{"name":"CurrencyConverter","decl":{"start":{"line":9,"column":1},"end":{"line":9,"column":66}},"loc":{"start":{"line":9,"column":1},"end":{"line":9,"column":66}},"line":9},"1":{"name":"Convert","decl":{"start":{"line":11,"column":8},"end":{"line":32,"column":2}},"loc":{"start":{"line":11,"column":8},"end":{"line":32,"column":2}},"line":11},"2":{"name":"GenerateConversionReport","decl":{"start":{"line":34,"column":8},"end":{"line":61,"column":2}},"loc":{"start":{"line":34,"column":8},"end":{"line":61,"column":2}},"line":34},"3":{"name":"getExchangeRate","decl":{"start":{"line":63,"column":9},"end":{"line":65,"column":2}},"loc":{"start":{"line":63,"column":9},"end":{"line":65,"column":2}},"line":63},"4":{"name":"calculateConversion","decl":{"start":{"line":67,"column":9},"end":{"line":73,"column":2}},"loc":{"start":{"line":67,"column":9},"end":{"line":73,"column":2}},"line":67},"5":{"name":"validateExchangeRate","decl":{"start":{"line":75,"column":9},"end":{"line":90,"column":2}},"loc":{"start":{"line":75,"column":9},"end":{"line":90,"column":2}},"line":75},"6":{"name":"validateAmount","decl":{"start":{"line":92,"column":9},"end":{"line":96,"column":2}},"loc":{"start":{"line":92,"column":9},"end":{"line":96,"column":2}},"line":92},"7":{"name":"validateCurrency","decl":{"start":{"line":98,"column":9},"end":{"line":102,"column":2}},"loc":{"start":{"line":98,"column":9},"end":{"line":102,"column":2}},"line":98},"8":{"name":"validateCurrencySame","decl":{"start":{"line":104,"column":9},"end":{"line":108,"column":2}},"loc":{"start":{"line":104,"column":9},"end":{"line":108,"column":2}},"line":104},"9":{"name":"validateDate","decl":{"start":{"line":110,"column":9},"end":{"line":114,"column":2}},"loc":{"start":{"line":110,"column":9},"end":{"line":114,"column":2}},"line":110},"10":{"name":"validateDateRange","decl":{"start":{"line":116,"column":9},"end":{"line":120,"column":2}},"loc":{"start":{"line":116,"column":9},"end":{"line":120,"column":2}},"line":116}},"f":{"0":21,"1":11,"2":10,"3":16,"4":7,"5":10,"6":11,"7":38,"8":16,"9":20,"10":5}}
,"C:\\Users\\LENOVO\\Documents\\GitHub\\currency-converter\\src\\errors\\networkError.ts": {"path":"C:\\Users\\LENOVO\\Documents\\GitHub\\currency-converter\\src\\errors\\networkError.ts","all":false,"statementMap":{"0":{"start":{"line":1,"column":0},"end":{"line":1,"column":41}},"1":{"start":{"line":2,"column":0},"end":{"line":2,"column":38}},"2":{"start":{"line":3,"column":0},"end":{"line":3,"column":16}},"3":{"start":{"line":4,"column":0},"end":{"line":4,"column":35}},"4":{"start":{"line":5,"column":0},"end":{"line":5,"column":2}},"5":{"start":{"line":6,"column":0},"end":{"line":6,"column":1}}},"s":{"0":1,"1":1,"2":2,"3":2,"4":2,"5":1},"branchMap":{"0":{"type":"branch","line":2,"loc":{"start":{"line":2,"column":1},"end":{"line":5,"column":2}},"locations":[{"start":{"line":2,"column":1},"end":{"line":5,"column":2}}]}},"b":{"0":[2]},"fnMap":{"0":{"name":"NetworkError","decl":{"start":{"line":2,"column":1},"end":{"line":5,"column":2}},"loc":{"start":{"line":2,"column":1},"end":{"line":5,"column":2}},"line":2}},"f":{"0":2}}
,"C:\\Users\\LENOVO\\Documents\\GitHub\\currency-converter\\src\\errors\\notFoundError.ts": {"path":"C:\\Users\\LENOVO\\Documents\\GitHub\\currency-converter\\src\\errors\\notFoundError.ts","all":false,"statementMap":{"0":{"start":{"line":1,"column":0},"end":{"line":1,"column":42}},"1":{"start":{"line":2,"column":0},"end":{"line":2,"column":38}},"2":{"start":{"line":3,"column":0},"end":{"line":3,"column":16}},"3":{"start":{"line":4,"column":0},"end":{"line":4,"column":35}},"4":{"start":{"line":5,"column":0},"end":{"line":5,"column":2}},"5":{"start":{"line":6,"column":0},"end":{"line":6,"column":1}}},"s":{"0":1,"1":1,"2":2,"3":2,"4":2,"5":1},"branchMap":{"0":{"type":"branch","line":2,"loc":{"start":{"line":2,"column":1},"end":{"line":5,"column":2}},"locations":[{"start":{"line":2,"column":1},"end":{"line":5,"column":2}}]}},"b":{"0":[2]},"fnMap":{"0":{"name":"NotFoundError","decl":{"start":{"line":2,"column":1},"end":{"line":5,"column":2}},"loc":{"start":{"line":2,"column":1},"end":{"line":5,"column":2}},"line":2}},"f":{"0":2}}
,"C:\\Users\\LENOVO\\Documents\\GitHub\\currency-converter\\src\\errors\\validationError.ts": {"path":"C:\\Users\\LENOVO\\Documents\\GitHub\\currency-converter\\src\\errors\\validationError.ts","all":false,"statementMap":{"0":{"start":{"line":1,"column":0},"end":{"line":1,"column":44}},"1":{"start":{"line":2,"column":0},"end":{"line":2,"column":38}},"2":{"start":{"line":3,"column":0},"end":{"line":3,"column":16}},"3":{"start":{"line":4,"column":0},"end":{"line":4,"column":35}},"4":{"start":{"line":5,"column":0},"end":{"line":5,"column":2}},"5":{"start":{"line":6,"column":0},"end":{"line":6,"column":1}}},"s":{"0":1,"1":1,"2":24,"3":24,"4":24,"5":1},"branchMap":{"0":{"type":"branch","line":2,"loc":{"start":{"line":2,"column":1},"end":{"line":5,"column":2}},"locations":[{"start":{"line":2,"column":1},"end":{"line":5,"column":2}}]}},"b":{"0":[24]},"fnMap":{"0":{"name":"ValidationError","decl":{"start":{"line":2,"column":1},"end":{"line":5,"column":2}},"loc":{"start":{"line":2,"column":1},"end":{"line":5,"column":2}},"line":2}},"f":{"0":24}}
}
