{"C:\\Users\\LENOVO\\Documents\\GitHub\\currency-converter\\src\\configData.ts": {"path":"C:\\Users\\LENOVO\\Documents\\GitHub\\currency-converter\\src\\configData.ts","all":false,"statementMap":{"0":{"start":{"line":1,"column":0},"end":{"line":1,"column":62}},"1":{"start":{"line":2,"column":0},"end":{"line":2,"column":0}},"2":{"start":{"line":3,"column":0},"end":{"line":3,"column":27}},"3":{"start":{"line":4,"column":0},"end":{"line":4,"column":18}},"4":{"start":{"line":5,"column":0},"end":{"line":5,"column":31}},"5":{"start":{"line":6,"column":0},"end":{"line":6,"column":27}},"6":{"start":{"line":7,"column":0},"end":{"line":7,"column":21}},"7":{"start":{"line":8,"column":0},"end":{"line":8,"column":25}},"8":{"start":{"line":9,"column":0},"end":{"line":9,"column":21}},"9":{"start":{"line":10,"column":0},"end":{"line":10,"column":1}}},"s":{"0":1,"1":1,"2":1,"3":1,"4":1,"5":1,"6":1,"7":1,"8":1,"9":1},"branchMap":{},"b":{},"fnMap":{},"f":{}}
,"C:\\Users\\LENOVO\\Documents\\GitHub\\currency-converter\\src\\currencyConverter.ts": {"path":"C:\\Users\\LENOVO\\Documents\\GitHub\\currency-converter\\src\\currencyConverter.ts","all":false,"statementMap":{"0":{"start":{"line":1,"column":0},"end":{"line":1,"column":62}},"1":{"start":{"line":2,"column":0},"end":{"line":2,"column":61}},"2":{"start":{"line":3,"column":0},"end":{"line":3,"column":57}},"3":{"start":{"line":4,"column":0},"end":{"line":4,"column":61}},"4":{"start":{"line":5,"column":0},"end":{"line":5,"column":0}},"5":{"start":{"line":6,"column":0},"end":{"line":6,"column":32}},"6":{"start":{"line":7,"column":0},"end":{"line":7,"column":36}},"7":{"start":{"line":8,"column":0},"end":{"line":8,"column":65}},"8":{"start":{"line":9,"column":0},"end":{"line":9,"column":0}},"9":{"start":{"line":10,"column":0},"end":{"line":10,"column":16}},"10":{"start":{"line":11,"column":0},"end":{"line":11,"column":17}},"11":{"start":{"line":12,"column":0},"end":{"line":12,"column":23}},"12":{"start":{"line":13,"column":0},"end":{"line":13,"column":21}},"13":{"start":{"line":14,"column":0},"end":{"line":14,"column":19}},"14":{"start":{"line":15,"column":0},"end":{"line":15,"column":12}},"15":{"start":{"line":16,"column":0},"end":{"line":16,"column":29}},"16":{"start":{"line":17,"column":0},"end":{"line":17,"column":51}},"17":{"start":{"line":18,"column":0},"end":{"line":18,"column":33}},"18":{"start":{"line":19,"column":0},"end":{"line":19,"column":0}},"19":{"start":{"line":20,"column":0},"end":{"line":20,"column":82}},"20":{"start":{"line":21,"column":0},"end":{"line":21,"column":69}},"21":{"start":{"line":22,"column":0},"end":{"line":22,"column":0}},"22":{"start":{"line":23,"column":0},"end":{"line":23,"column":67}},"23":{"start":{"line":24,"column":0},"end":{"line":24,"column":2}},"24":{"start":{"line":25,"column":0},"end":{"line":25,"column":0}},"25":{"start":{"line":26,"column":0},"end":{"line":26,"column":33}},"26":{"start":{"line":27,"column":0},"end":{"line":27,"column":23}},"27":{"start":{"line":28,"column":0},"end":{"line":28,"column":21}},"28":{"start":{"line":29,"column":0},"end":{"line":29,"column":18}},"29":{"start":{"line":30,"column":0},"end":{"line":30,"column":15}},"30":{"start":{"line":31,"column":0},"end":{"line":31,"column":12}},"31":{"start":{"line":32,"column":0},"end":{"line":32,"column":34}},"32":{"start":{"line":33,"column":0},"end":{"line":33,"column":41}},"33":{"start":{"line":34,"column":0},"end":{"line":34,"column":0}},"34":{"start":{"line":35,"column":0},"end":{"line":35,"column":51}},"35":{"start":{"line":36,"column":0},"end":{"line":36,"column":40}},"36":{"start":{"line":37,"column":0},"end":{"line":37,"column":0}},"37":{"start":{"line":38,"column":0},"end":{"line":38,"column":34}},"38":{"start":{"line":39,"column":0},"end":{"line":39,"column":83}},"39":{"start":{"line":40,"column":0},"end":{"line":40,"column":0}},"40":{"start":{"line":41,"column":0},"end":{"line":41,"column":70}},"41":{"start":{"line":42,"column":0},"end":{"line":42,"column":0}},"42":{"start":{"line":43,"column":0},"end":{"line":43,"column":74}},"43":{"start":{"line":44,"column":0},"end":{"line":44,"column":3}},"44":{"start":{"line":45,"column":0},"end":{"line":45,"column":0}},"45":{"start":{"line":46,"column":0},"end":{"line":46,"column":56}},"46":{"start":{"line":47,"column":0},"end":{"line":47,"column":2}},"47":{"start":{"line":48,"column":0},"end":{"line":48,"column":0}},"48":{"start":{"line":49,"column":0},"end":{"line":49,"column":71}},"49":{"start":{"line":50,"column":0},"end":{"line":50,"column":62}},"50":{"start":{"line":51,"column":0},"end":{"line":51,"column":58}},"51":{"start":{"line":52,"column":0},"end":{"line":52,"column":53}},"52":{"start":{"line":53,"column":0},"end":{"line":53,"column":0}},"53":{"start":{"line":54,"column":0},"end":{"line":54,"column":43}},"54":{"start":{"line":55,"column":0},"end":{"line":55,"column":39}},"55":{"start":{"line":56,"column":0},"end":{"line":56,"column":2}},"56":{"start":{"line":57,"column":0},"end":{"line":57,"column":0}},"57":{"start":{"line":58,"column":0},"end":{"line":58,"column":57}},"58":{"start":{"line":59,"column":0},"end":{"line":59,"column":17}},"59":{"start":{"line":60,"column":0},"end":{"line":60,"column":55}},"60":{"start":{"line":61,"column":0},"end":{"line":61,"column":9}},"61":{"start":{"line":62,"column":0},"end":{"line":62,"column":3}},"62":{"start":{"line":63,"column":0},"end":{"line":63,"column":0}},"63":{"start":{"line":64,"column":0},"end":{"line":64,"column":52}},"64":{"start":{"line":65,"column":0},"end":{"line":65,"column":48}},"65":{"start":{"line":66,"column":0},"end":{"line":66,"column":44}},"66":{"start":{"line":67,"column":0},"end":{"line":67,"column":2}},"67":{"start":{"line":68,"column":0},"end":{"line":68,"column":0}},"68":{"start":{"line":69,"column":0},"end":{"line":69,"column":87}},"69":{"start":{"line":70,"column":0},"end":{"line":70,"column":88}},"70":{"start":{"line":71,"column":0},"end":{"line":71,"column":2}},"71":{"start":{"line":72,"column":0},"end":{"line":72,"column":0}},"72":{"start":{"line":73,"column":0},"end":{"line":73,"column":94}},"73":{"start":{"line":74,"column":0},"end":{"line":74,"column":41}},"74":{"start":{"line":75,"column":0},"end":{"line":75,"column":58}},"75":{"start":{"line":76,"column":0},"end":{"line":76,"column":0}},"76":{"start":{"line":77,"column":0},"end":{"line":77,"column":35}},"77":{"start":{"line":78,"column":0},"end":{"line":78,"column":48}},"78":{"start":{"line":79,"column":0},"end":{"line":79,"column":2}},"79":{"start":{"line":80,"column":0},"end":{"line":80,"column":0}},"80":{"start":{"line":81,"column":0},"end":{"line":81,"column":58}},"81":{"start":{"line":82,"column":0},"end":{"line":82,"column":27}},"82":{"start":{"line":83,"column":0},"end":{"line":83,"column":62}},"83":{"start":{"line":84,"column":0},"end":{"line":84,"column":14}},"84":{"start":{"line":85,"column":0},"end":{"line":85,"column":3}},"85":{"start":{"line":86,"column":0},"end":{"line":86,"column":0}},"86":{"start":{"line":87,"column":0},"end":{"line":87,"column":28}},"87":{"start":{"line":88,"column":0},"end":{"line":88,"column":71}},"88":{"start":{"line":89,"column":0},"end":{"line":89,"column":14}},"89":{"start":{"line":90,"column":0},"end":{"line":90,"column":3}},"90":{"start":{"line":91,"column":0},"end":{"line":91,"column":0}},"91":{"start":{"line":92,"column":0},"end":{"line":92,"column":29}},"92":{"start":{"line":93,"column":0},"end":{"line":93,"column":2}},"93":{"start":{"line":94,"column":0},"end":{"line":94,"column":0}},"94":{"start":{"line":95,"column":0},"end":{"line":95,"column":81}},"95":{"start":{"line":96,"column":0},"end":{"line":96,"column":47}},"96":{"start":{"line":97,"column":0},"end":{"line":97,"column":43}},"97":{"start":{"line":98,"column":0},"end":{"line":98,"column":2}},"98":{"start":{"line":99,"column":0},"end":{"line":99,"column":0}},"99":{"start":{"line":100,"column":0},"end":{"line":100,"column":41}},"100":{"start":{"line":101,"column":0},"end":{"line":101,"column":22}},"101":{"start":{"line":102,"column":0},"end":{"line":102,"column":67}},"102":{"start":{"line":103,"column":0},"end":{"line":103,"column":3}},"103":{"start":{"line":104,"column":0},"end":{"line":104,"column":2}},"104":{"start":{"line":105,"column":0},"end":{"line":105,"column":0}},"105":{"start":{"line":106,"column":0},"end":{"line":106,"column":59}},"106":{"start":{"line":107,"column":0},"end":{"line":107,"column":76}},"107":{"start":{"line":108,"column":0},"end":{"line":108,"column":0}},"108":{"start":{"line":109,"column":0},"end":{"line":109,"column":25}},"109":{"start":{"line":110,"column":0},"end":{"line":110,"column":54}},"110":{"start":{"line":111,"column":0},"end":{"line":111,"column":3}},"111":{"start":{"line":112,"column":0},"end":{"line":112,"column":2}},"112":{"start":{"line":113,"column":0},"end":{"line":113,"column":0}},"113":{"start":{"line":114,"column":0},"end":{"line":114,"column":73}},"114":{"start":{"line":115,"column":0},"end":{"line":115,"column":83}},"115":{"start":{"line":116,"column":0},"end":{"line":116,"column":26}},"116":{"start":{"line":117,"column":0},"end":{"line":117,"column":29}},"117":{"start":{"line":118,"column":0},"end":{"line":118,"column":80}},"118":{"start":{"line":119,"column":0},"end":{"line":119,"column":4}},"119":{"start":{"line":120,"column":0},"end":{"line":120,"column":3}},"120":{"start":{"line":121,"column":0},"end":{"line":121,"column":2}},"121":{"start":{"line":122,"column":0},"end":{"line":122,"column":0}},"122":{"start":{"line":123,"column":0},"end":{"line":123,"column":49}},"123":{"start":{"line":124,"column":0},"end":{"line":124,"column":57}},"124":{"start":{"line":125,"column":0},"end":{"line":125,"column":54}},"125":{"start":{"line":126,"column":0},"end":{"line":126,"column":3}},"126":{"start":{"line":127,"column":0},"end":{"line":127,"column":2}},"127":{"start":{"line":128,"column":0},"end":{"line":128,"column":0}},"128":{"start":{"line":129,"column":0},"end":{"line":129,"column":66}},"129":{"start":{"line":130,"column":0},"end":{"line":130,"column":28}},"130":{"start":{"line":131,"column":0},"end":{"line":131,"column":29}},"131":{"start":{"line":132,"column":0},"end":{"line":132,"column":85}},"132":{"start":{"line":133,"column":0},"end":{"line":133,"column":4}},"133":{"start":{"line":134,"column":0},"end":{"line":134,"column":3}},"134":{"start":{"line":135,"column":0},"end":{"line":135,"column":2}},"135":{"start":{"line":136,"column":0},"end":{"line":136,"column":1}}},"s":{"0":1,"1":1,"2":1,"3":1,"4":1,"5":1,"6":1,"7":1,"8":1,"9":1,"10":11,"11":11,"12":11,"13":11,"14":11,"15":11,"16":11,"17":11,"18":11,"19":11,"20":11,"21":11,"22":11,"23":11,"24":1,"25":1,"26":10,"27":10,"28":10,"29":10,"30":10,"31":10,"32":10,"33":10,"34":10,"35":10,"36":10,"37":10,"38":10,"39":10,"40":10,"41":10,"42":10,"43":10,"44":1,"45":1,"46":1,"47":1,"48":1,"49":20,"50":20,"51":20,"52":20,"53":20,"54":20,"55":20,"56":1,"57":1,"58":14,"59":7,"60":7,"61":7,"62":7,"63":7,"64":7,"65":7,"66":7,"67":1,"68":1,"69":16,"70":16,"71":1,"72":1,"73":7,"74":7,"75":7,"76":7,"77":7,"78":7,"79":1,"80":1,"81":14,"82":2,"83":2,"84":2,"85":12,"86":14,"87":2,"88":2,"89":2,"90":10,"91":10,"92":10,"93":1,"94":1,"95":3,"96":3,"97":3,"98":1,"99":1,"100":11,"101":1,"102":1,"103":11,"104":1,"105":1,"106":38,"107":38,"108":38,"109":4,"110":4,"111":38,"112":1,"113":1,"114":16,"115":16,"116":2,"117":2,"118":2,"119":2,"120":16,"121":1,"122":1,"123":20,"124":3,"125":3,"126":20,"127":1,"128":1,"129":5,"130":1,"131":1,"132":1,"133":1,"134":5,"135":1},"branchMap":{"0":{"type":"branch","line":8,"loc":{"start":{"line":8,"column":1},"end":{"line":8,"column":65}},"locations":[{"start":{"line":8,"column":1},"end":{"line":8,"column":65}}]},"1":{"type":"branch","line":10,"loc":{"start":{"line":10,"column":8},"end":{"line":24,"column":2}},"locations":[{"start":{"line":10,"column":8},"end":{"line":24,"column":2}}]},"2":{"type":"branch","line":26,"loc":{"start":{"line":26,"column":8},"end":{"line":47,"column":2}},"locations":[{"start":{"line":26,"column":8},"end":{"line":47,"column":2}}]},"3":{"type":"branch","line":45,"loc":{"start":{"line":45,"column":-2},"end":{"line":47,"column":2}},"locations":[{"start":{"line":45,"column":-2},"end":{"line":47,"column":2}}]},"4":{"type":"branch","line":49,"loc":{"start":{"line":49,"column":9},"end":{"line":56,"column":2}},"locations":[{"start":{"line":49,"column":9},"end":{"line":56,"column":2}}]},"5":{"type":"branch","line":58,"loc":{"start":{"line":58,"column":9},"end":{"line":67,"column":2}},"locations":[{"start":{"line":58,"column":9},"end":{"line":67,"column":2}}]},"6":{"type":"branch","line":59,"loc":{"start":{"line":59,"column":16},"end":{"line":67,"column":2}},"locations":[{"start":{"line":59,"column":16},"end":{"line":67,"column":2}}]},"7":{"type":"branch","line":69,"loc":{"start":{"line":69,"column":9},"end":{"line":71,"column":2}},"locations":[{"start":{"line":69,"column":9},"end":{"line":71,"column":2}}]},"8":{"type":"branch","line":73,"loc":{"start":{"line":73,"column":9},"end":{"line":79,"column":2}},"locations":[{"start":{"line":73,"column":9},"end":{"line":79,"column":2}}]},"9":{"type":"branch","line":81,"loc":{"start":{"line":81,"column":9},"end":{"line":93,"column":2}},"locations":[{"start":{"line":81,"column":9},"end":{"line":93,"column":2}}]},"10":{"type":"branch","line":82,"loc":{"start":{"line":82,"column":26},"end":{"line":85,"column":3}},"locations":[{"start":{"line":82,"column":26},"end":{"line":85,"column":3}}]},"11":{"type":"branch","line":86,"loc":{"start":{"line":86,"column":-2},"end":{"line":87,"column":27}},"locations":[{"start":{"line":86,"column":-2},"end":{"line":87,"column":27}}]},"12":{"type":"branch","line":87,"loc":{"start":{"line":87,"column":27},"end":{"line":90,"column":3}},"locations":[{"start":{"line":87,"column":27},"end":{"line":90,"column":3}}]},"13":{"type":"branch","line":91,"loc":{"start":{"line":91,"column":-2},"end":{"line":93,"column":2}},"locations":[{"start":{"line":91,"column":-2},"end":{"line":93,"column":2}}]},"14":{"type":"branch","line":95,"loc":{"start":{"line":95,"column":9},"end":{"line":98,"column":2}},"locations":[{"start":{"line":95,"column":9},"end":{"line":98,"column":2}}]},"15":{"type":"branch","line":100,"loc":{"start":{"line":100,"column":9},"end":{"line":104,"column":2}},"locations":[{"start":{"line":100,"column":9},"end":{"line":104,"column":2}}]},"16":{"type":"branch","line":101,"loc":{"start":{"line":101,"column":21},"end":{"line":103,"column":3}},"locations":[{"start":{"line":101,"column":21},"end":{"line":103,"column":3}}]},"17":{"type":"branch","line":106,"loc":{"start":{"line":106,"column":9},"end":{"line":112,"column":2}},"locations":[{"start":{"line":106,"column":9},"end":{"line":112,"column":2}}]},"18":{"type":"branch","line":109,"loc":{"start":{"line":109,"column":24},"end":{"line":111,"column":3}},"locations":[{"start":{"line":109,"column":24},"end":{"line":111,"column":3}}]},"19":{"type":"branch","line":114,"loc":{"start":{"line":114,"column":9},"end":{"line":121,"column":2}},"locations":[{"start":{"line":114,"column":9},"end":{"line":121,"column":2}}]},"20":{"type":"branch","line":116,"loc":{"start":{"line":116,"column":25},"end":{"line":120,"column":3}},"locations":[{"start":{"line":116,"column":25},"end":{"line":120,"column":3}}]},"21":{"type":"branch","line":123,"loc":{"start":{"line":123,"column":9},"end":{"line":127,"column":2}},"locations":[{"start":{"line":123,"column":9},"end":{"line":127,"column":2}}]},"22":{"type":"branch","line":124,"loc":{"start":{"line":124,"column":56},"end":{"line":126,"column":3}},"locations":[{"start":{"line":124,"column":56},"end":{"line":126,"column":3}}]},"23":{"type":"branch","line":129,"loc":{"start":{"line":129,"column":9},"end":{"line":135,"column":2}},"locations":[{"start":{"line":129,"column":9},"end":{"line":135,"column":2}}]},"24":{"type":"branch","line":130,"loc":{"start":{"line":130,"column":27},"end":{"line":134,"column":3}},"locations":[{"start":{"line":130,"column":27},"end":{"line":134,"column":3}}]}},"b":{"0":[21],"1":[11],"2":[10],"3":[1],"4":[20],"5":[14],"6":[7],"7":[16],"8":[7],"9":[14],"10":[2],"11":[12],"12":[2],"13":[10],"14":[3],"15":[11],"16":[1],"17":[38],"18":[4],"19":[16],"20":[2],"21":[20],"22":[3],"23":[5],"24":[1]},"fnMap":{"0":{"name":"CurrencyConverter","decl":{"start":{"line":8,"column":1},"end":{"line":8,"column":65}},"loc":{"start":{"line":8,"column":1},"end":{"line":8,"column":65}},"line":8},"1":{"name":"Convert","decl":{"start":{"line":10,"column":8},"end":{"line":24,"column":2}},"loc":{"start":{"line":10,"column":8},"end":{"line":24,"column":2}},"line":10},"2":{"name":"GenerateConversionReport","decl":{"start":{"line":26,"column":8},"end":{"line":47,"column":2}},"loc":{"start":{"line":26,"column":8},"end":{"line":47,"column":2}},"line":26},"3":{"name":"validateCurrencies","decl":{"start":{"line":49,"column":9},"end":{"line":56,"column":2}},"loc":{"start":{"line":49,"column":9},"end":{"line":56,"column":2}},"line":49},"4":{"name":"validateDates","decl":{"start":{"line":58,"column":9},"end":{"line":67,"column":2}},"loc":{"start":{"line":58,"column":9},"end":{"line":67,"column":2}},"line":58},"5":{"name":"getExchangeRate","decl":{"start":{"line":69,"column":9},"end":{"line":71,"column":2}},"loc":{"start":{"line":69,"column":9},"end":{"line":71,"column":2}},"line":69},"6":{"name":"calculateConversion","decl":{"start":{"line":73,"column":9},"end":{"line":79,"column":2}},"loc":{"start":{"line":73,"column":9},"end":{"line":79,"column":2}},"line":73},"7":{"name":"validateExchangeRate","decl":{"start":{"line":81,"column":9},"end":{"line":93,"column":2}},"loc":{"start":{"line":81,"column":9},"end":{"line":93,"column":2}},"line":81},"8":{"name":"calculateConvertedAmount","decl":{"start":{"line":95,"column":9},"end":{"line":98,"column":2}},"loc":{"start":{"line":95,"column":9},"end":{"line":98,"column":2}},"line":95},"9":{"name":"validateAmount","decl":{"start":{"line":100,"column":9},"end":{"line":104,"column":2}},"loc":{"start":{"line":100,"column":9},"end":{"line":104,"column":2}},"line":100},"10":{"name":"validateCurrency","decl":{"start":{"line":106,"column":9},"end":{"line":112,"column":2}},"loc":{"start":{"line":106,"column":9},"end":{"line":112,"column":2}},"line":106},"11":{"name":"validateCurrencySame","decl":{"start":{"line":114,"column":9},"end":{"line":121,"column":2}},"loc":{"start":{"line":114,"column":9},"end":{"line":121,"column":2}},"line":114},"12":{"name":"validateDate","decl":{"start":{"line":123,"column":9},"end":{"line":127,"column":2}},"loc":{"start":{"line":123,"column":9},"end":{"line":127,"column":2}},"line":123},"13":{"name":"validateDateRange","decl":{"start":{"line":129,"column":9},"end":{"line":135,"column":2}},"loc":{"start":{"line":129,"column":9},"end":{"line":135,"column":2}},"line":129}},"f":{"0":21,"1":11,"2":10,"3":20,"4":14,"5":16,"6":7,"7":14,"8":3,"9":11,"10":38,"11":16,"12":20,"13":5}}
,"C:\\Users\\LENOVO\\Documents\\GitHub\\currency-converter\\src\\errors\\networkError.ts": {"path":"C:\\Users\\LENOVO\\Documents\\GitHub\\currency-converter\\src\\errors\\networkError.ts","all":false,"statementMap":{"0":{"start":{"line":1,"column":0},"end":{"line":1,"column":41}},"1":{"start":{"line":2,"column":0},"end":{"line":2,"column":38}},"2":{"start":{"line":3,"column":0},"end":{"line":3,"column":16}},"3":{"start":{"line":4,"column":0},"end":{"line":4,"column":35}},"4":{"start":{"line":5,"column":0},"end":{"line":5,"column":2}},"5":{"start":{"line":6,"column":0},"end":{"line":6,"column":1}}},"s":{"0":1,"1":1,"2":2,"3":2,"4":2,"5":1},"branchMap":{"0":{"type":"branch","line":2,"loc":{"start":{"line":2,"column":1},"end":{"line":5,"column":2}},"locations":[{"start":{"line":2,"column":1},"end":{"line":5,"column":2}}]}},"b":{"0":[2]},"fnMap":{"0":{"name":"NetworkError","decl":{"start":{"line":2,"column":1},"end":{"line":5,"column":2}},"loc":{"start":{"line":2,"column":1},"end":{"line":5,"column":2}},"line":2}},"f":{"0":2}}
,"C:\\Users\\LENOVO\\Documents\\GitHub\\currency-converter\\src\\errors\\notFoundError.ts": {"path":"C:\\Users\\LENOVO\\Documents\\GitHub\\currency-converter\\src\\errors\\notFoundError.ts","all":false,"statementMap":{"0":{"start":{"line":1,"column":0},"end":{"line":1,"column":42}},"1":{"start":{"line":2,"column":0},"end":{"line":2,"column":38}},"2":{"start":{"line":3,"column":0},"end":{"line":3,"column":16}},"3":{"start":{"line":4,"column":0},"end":{"line":4,"column":35}},"4":{"start":{"line":5,"column":0},"end":{"line":5,"column":2}},"5":{"start":{"line":6,"column":0},"end":{"line":6,"column":1}}},"s":{"0":1,"1":1,"2":4,"3":4,"4":4,"5":1},"branchMap":{"0":{"type":"branch","line":2,"loc":{"start":{"line":2,"column":1},"end":{"line":5,"column":2}},"locations":[{"start":{"line":2,"column":1},"end":{"line":5,"column":2}}]}},"b":{"0":[4]},"fnMap":{"0":{"name":"NotFoundError","decl":{"start":{"line":2,"column":1},"end":{"line":5,"column":2}},"loc":{"start":{"line":2,"column":1},"end":{"line":5,"column":2}},"line":2}},"f":{"0":4}}
,"C:\\Users\\LENOVO\\Documents\\GitHub\\currency-converter\\src\\errors\\validationError.ts": {"path":"C:\\Users\\LENOVO\\Documents\\GitHub\\currency-converter\\src\\errors\\validationError.ts","all":false,"statementMap":{"0":{"start":{"line":1,"column":0},"end":{"line":1,"column":44}},"1":{"start":{"line":2,"column":0},"end":{"line":2,"column":38}},"2":{"start":{"line":3,"column":0},"end":{"line":3,"column":16}},"3":{"start":{"line":4,"column":0},"end":{"line":4,"column":35}},"4":{"start":{"line":5,"column":0},"end":{"line":5,"column":2}},"5":{"start":{"line":6,"column":0},"end":{"line":6,"column":1}}},"s":{"0":1,"1":1,"2":26,"3":26,"4":26,"5":1},"branchMap":{"0":{"type":"branch","line":2,"loc":{"start":{"line":2,"column":1},"end":{"line":5,"column":2}},"locations":[{"start":{"line":2,"column":1},"end":{"line":5,"column":2}}]}},"b":{"0":[26]},"fnMap":{"0":{"name":"ValidationError","decl":{"start":{"line":2,"column":1},"end":{"line":5,"column":2}},"loc":{"start":{"line":2,"column":1},"end":{"line":5,"column":2}},"line":2}},"f":{"0":26}}
}
