TN:
SF:src\configData.ts
FNF:0
FNH:0
DA:1,1
DA:2,1
DA:3,1
DA:4,1
DA:5,1
DA:6,1
DA:7,1
DA:8,1
DA:9,1
DA:10,1
LF:10
LH:10
BRF:0
BRH:0
end_of_record
TN:
SF:src\currencyConverter.ts
FN:8,CurrencyConverter
FN:10,Convert
FN:26,GenerateConversionReport
FN:49,validateCurrencies
FN:58,validateDates
FN:69,getExchangeRate
FN:73,calculateConversion
FN:81,validateExchangeRate
FN:95,calculateConvertedAmount
FN:100,validateAmount
FN:106,validateCurrency
FN:114,validateCurrencySame
FN:123,validateDate
FN:129,validateDateRange
FNF:14
FNH:14
FNDA:21,CurrencyConverter
FNDA:11,Convert
FNDA:10,GenerateConversionReport
FNDA:20,validateCurrencies
FNDA:14,validateDates
FNDA:16,getExchangeRate
FNDA:7,calculateConversion
FNDA:14,validateExchangeRate
FNDA:3,calculateConvertedAmount
FNDA:11,validateAmount
FNDA:38,validateCurrency
FNDA:16,validateCurrencySame
FNDA:20,validateDate
FNDA:5,validateDateRange
DA:1,1
DA:2,1
DA:3,1
DA:4,1
DA:5,1
DA:6,1
DA:7,1
DA:8,1
DA:9,1
DA:10,1
DA:11,11
DA:12,11
DA:13,11
DA:14,11
DA:15,11
DA:16,11
DA:17,11
DA:18,11
DA:19,11
DA:20,11
DA:21,11
DA:22,11
DA:23,11
DA:24,11
DA:25,1
DA:26,1
DA:27,10
DA:28,10
DA:29,10
DA:30,10
DA:31,10
DA:32,10
DA:33,10
DA:34,10
DA:35,10
DA:36,10
DA:37,10
DA:38,10
DA:39,10
DA:40,10
DA:41,10
DA:42,10
DA:43,10
DA:44,10
DA:45,1
DA:46,1
DA:47,1
DA:48,1
DA:49,1
DA:50,20
DA:51,20
DA:52,20
DA:53,20
DA:54,20
DA:55,20
DA:56,20
DA:57,1
DA:58,1
DA:59,14
DA:60,7
DA:61,7
DA:62,7
DA:63,7
DA:64,7
DA:65,7
DA:66,7
DA:67,7
DA:68,1
DA:69,1
DA:70,16
DA:71,16
DA:72,1
DA:73,1
DA:74,7
DA:75,7
DA:76,7
DA:77,7
DA:78,7
DA:79,7
DA:80,1
DA:81,1
DA:82,14
DA:83,2
DA:84,2
DA:85,2
DA:86,12
DA:87,14
DA:88,2
DA:89,2
DA:90,2
DA:91,10
DA:92,10
DA:93,10
DA:94,1
DA:95,1
DA:96,3
DA:97,3
DA:98,3
DA:99,1
DA:100,1
DA:101,11
DA:102,1
DA:103,1
DA:104,11
DA:105,1
DA:106,1
DA:107,38
DA:108,38
DA:109,38
DA:110,4
DA:111,4
DA:112,38
DA:113,1
DA:114,1
DA:115,16
DA:116,16
DA:117,2
DA:118,2
DA:119,2
DA:120,2
DA:121,16
DA:122,1
DA:123,1
DA:124,20
DA:125,3
DA:126,3
DA:127,20
DA:128,1
DA:129,1
DA:130,5
DA:131,1
DA:132,1
DA:133,1
DA:134,1
DA:135,5
DA:136,1
LF:136
LH:136
BRDA:8,0,0,21
BRDA:10,1,0,11
BRDA:26,2,0,10
BRDA:45,3,0,1
BRDA:49,4,0,20
BRDA:58,5,0,14
BRDA:59,6,0,7
BRDA:69,7,0,16
BRDA:73,8,0,7
BRDA:81,9,0,14
BRDA:82,10,0,2
BRDA:86,11,0,12
BRDA:87,12,0,2
BRDA:91,13,0,10
BRDA:95,14,0,3
BRDA:100,15,0,11
BRDA:101,16,0,1
BRDA:106,17,0,38
BRDA:109,18,0,4
BRDA:114,19,0,16
BRDA:116,20,0,2
BRDA:123,21,0,20
BRDA:124,22,0,3
BRDA:129,23,0,5
BRDA:130,24,0,1
BRF:25
BRH:25
end_of_record
TN:
SF:src\errors\networkError.ts
FN:2,NetworkError
FNF:1
FNH:1
FNDA:2,NetworkError
DA:1,1
DA:2,1
DA:3,2
DA:4,2
DA:5,2
DA:6,1
LF:6
LH:6
BRDA:2,0,0,2
BRF:1
BRH:1
end_of_record
TN:
SF:src\errors\notFoundError.ts
FN:2,NotFoundError
FNF:1
FNH:1
FNDA:4,NotFoundError
DA:1,1
DA:2,1
DA:3,4
DA:4,4
DA:5,4
DA:6,1
LF:6
LH:6
BRDA:2,0,0,4
BRF:1
BRH:1
end_of_record
TN:
SF:src\errors\validationError.ts
FN:2,ValidationError
FNF:1
FNH:1
FNDA:26,ValidationError
DA:1,1
DA:2,1
DA:3,26
DA:4,26
DA:5,26
DA:6,1
LF:6
LH:6
BRDA:2,0,0,26
BRF:1
BRH:1
end_of_record
