TN:
SF:src\configData.ts
FNF:0
FNH:0
DA:1,1
LF:1
LH:1
BRF:0
BRH:0
end_of_record
TN:
SF:src\currencyConverter.ts
FN:8,CurrencyConverter
FN:10,Convert
FN:31,GenerateConversionReport
FN:61,getExchangeRate
FN:65,calculateConversion
FN:73,validateExchangeRate
FN:87,calculateConvertedAmount
FN:92,validateAmount
FN:98,validateCurrency
FN:104,validateCurrencySame
FN:110,validateDate
FN:116,validateDateRange
FNF:12
FNH:12
FNDA:21,CurrencyConverter
FNDA:11,Convert
FNDA:10,GenerateConversionReport
FNDA:16,getExchangeRate
FNDA:7,calculateConversion
FNDA:14,validateExchangeRate
FNDA:3,calculateConvertedAmount
FNDA:11,validateAmount
FNDA:38,validateCurrency
FNDA:16,validateCurrencySame
FNDA:20,validateDate
FNDA:5,validateDateRange
DA:1,1
DA:2,1
DA:3,1
DA:4,1
DA:5,1
DA:6,1
DA:7,1
DA:8,1
DA:9,1
DA:10,1
DA:11,11
DA:12,11
DA:13,11
DA:14,11
DA:15,11
DA:16,11
DA:17,11
DA:18,11
DA:19,11
DA:20,11
DA:21,11
DA:22,11
DA:23,11
DA:24,11
DA:25,11
DA:26,11
DA:27,11
DA:28,11
DA:29,11
DA:30,1
DA:31,1
DA:32,10
DA:33,10
DA:34,10
DA:35,10
DA:36,10
DA:37,10
DA:38,10
DA:39,10
DA:40,10
DA:41,10
DA:42,10
DA:43,10
DA:44,10
DA:45,10
DA:46,10
DA:47,10
DA:48,10
DA:49,10
DA:50,10
DA:51,10
DA:52,10
DA:53,10
DA:54,10
DA:55,10
DA:56,10
DA:57,1
DA:58,1
DA:59,1
DA:60,1
DA:61,1
DA:62,16
DA:63,16
DA:64,1
DA:65,1
DA:66,7
DA:67,7
DA:68,7
DA:69,7
DA:70,7
DA:71,7
DA:72,1
DA:73,1
DA:74,14
DA:75,2
DA:76,2
DA:77,2
DA:78,12
DA:79,14
DA:80,2
DA:81,2
DA:82,2
DA:83,10
DA:84,10
DA:85,10
DA:86,1
DA:87,1
DA:88,3
DA:89,3
DA:90,3
DA:91,1
DA:92,1
DA:93,11
DA:94,1
DA:95,1
DA:96,11
DA:97,1
DA:98,1
DA:99,38
DA:100,4
DA:101,4
DA:102,38
DA:103,1
DA:104,1
DA:105,16
DA:106,2
DA:107,2
DA:108,16
DA:109,1
DA:110,1
DA:111,20
DA:112,3
DA:113,3
DA:114,20
DA:115,1
DA:116,1
DA:117,5
DA:118,1
DA:119,1
DA:120,5
DA:121,1
LF:121
LH:121
BRDA:8,0,0,21
BRDA:10,1,0,11
BRDA:31,2,0,10
BRDA:57,3,0,1
BRDA:61,4,0,16
BRDA:65,5,0,7
BRDA:73,6,0,14
BRDA:74,7,0,2
BRDA:78,8,0,12
BRDA:79,9,0,2
BRDA:83,10,0,10
BRDA:87,11,0,3
BRDA:92,12,0,11
BRDA:93,13,0,1
BRDA:98,14,0,38
BRDA:99,15,0,4
BRDA:104,16,0,16
BRDA:105,17,0,2
BRDA:110,18,0,20
BRDA:111,19,0,3
BRDA:116,20,0,5
BRDA:117,21,0,1
BRF:22
BRH:22
end_of_record
TN:
SF:src\errors\networkError.ts
FN:2,NetworkError
FNF:1
FNH:1
FNDA:2,NetworkError
DA:1,1
DA:2,1
DA:3,2
DA:4,2
DA:5,2
DA:6,1
LF:6
LH:6
BRDA:2,0,0,2
BRF:1
BRH:1
end_of_record
TN:
SF:src\errors\notFoundError.ts
FN:2,NotFoundError
FNF:1
FNH:1
FNDA:4,NotFoundError
DA:1,1
DA:2,1
DA:3,4
DA:4,4
DA:5,4
DA:6,1
LF:6
LH:6
BRDA:2,0,0,4
BRF:1
BRH:1
end_of_record
TN:
SF:src\errors\validationError.ts
FN:2,ValidationError
FNF:1
FNH:1
FNDA:26,ValidationError
DA:1,1
DA:2,1
DA:3,26
DA:4,26
DA:5,26
DA:6,1
LF:6
LH:6
BRDA:2,0,0,26
BRF:1
BRH:1
end_of_record
